<?xml version="1.0" encoding="UTF-8"?>
<!-- Generated by org.testng.reporters.JUnitReportReporter -->
<testsuite hostname="DESKTOP-GDN8ABU" failures="0" tests="2" name="test.TC_001_SignupTest" time="31.125" errors="0" timestamp="2024-12-20T19:29:48 IST" skipped="0">
  <testcase classname="test.TC_001_SignupTest" name="signUpTest" time="13.437"/>
  <system-out/>
  <testcase classname="test.TC_001_SignupTest" name="signUpTest" time="17.688"/>
  <system-out/>
</testsuite> <!-- test.TC_001_SignupTest -->
