<?xml version="1.0" encoding="UTF-8"?>
<!-- Generated by org.testng.reporters.JUnitReportReporter -->
<testsuite hostname="DESKTOP-GDN8ABU" failures="0" tests="2" name="test.TC_006_ContactDeletePageTest" time="45.343" errors="0" timestamp="2024-12-20T19:29:48 IST" skipped="0">
  <testcase classname="test.TC_006_ContactDeletePageTest" name="contactDeletingTest" time="21.575"/>
  <system-out/>
  <testcase classname="test.TC_006_ContactDeletePageTest" name="contactDeletingTest" time="23.768"/>
  <system-out/>
</testsuite> <!-- test.TC_006_ContactDeletePageTest -->
