<?xml version="1.0" encoding="UTF-8"?>
<!-- Generated by org.testng.reporters.JUnitReportReporter -->
<testsuite hostname="DESKTOP-GDN8ABU" failures="0" tests="2" name="test.TC_007_LogoutPageTest" time="73.205" errors="0" timestamp="2024-12-20T19:29:48 IST" skipped="0">
  <testcase classname="test.TC_007_LogoutPageTest" name="finalLogoutTest" time="35.950"/>
  <system-out/>
  <testcase classname="test.TC_007_LogoutPageTest" name="finalLogoutTest" time="37.255"/>
  <system-out/>
</testsuite> <!-- test.TC_007_LogoutPageTest -->
