<?xml version="1.0" encoding="UTF-8"?>
<!-- Generated by org.testng.reporters.JUnitReportReporter -->
<testsuite hostname="DESKTOP-GDN8ABU" failures="0" tests="2" name="test.TC_005_ContactEditPageTest" time="66.007" errors="0" timestamp="2024-12-20T19:29:48 IST" skipped="0">
  <testcase classname="test.TC_005_ContactEditPageTest" name="contactEditingTest" time="32.746"/>
  <system-out/>
  <testcase classname="test.TC_005_ContactEditPageTest" name="contactEditingTest" time="33.261"/>
  <system-out/>
</testsuite> <!-- test.TC_005_ContactEditPageTest -->
