<?xml version="1.0" encoding="UTF-8"?>
<!-- Generated by org.testng.reporters.JUnitReportReporter -->
<testsuite hostname="DESKTOP-GDN8ABU" failures="0" tests="1" name="test.TC_006_ContactDeletePageTest" time="11.028" errors="0" timestamp="2024-12-19T15:45:30 IST" skipped="0">
  <testcase classname="test.TC_006_ContactDeletePageTest" name="contactDeletingTest" time="11.028"/>
</testsuite> <!-- test.TC_006_ContactDeletePageTest -->
